# JRE version: Java(TM) SE Runtime Environment (8.0_231-b11) (build 1.8.0_231-b11)
# Java VM: Java HotSpot(TM) 64-Bit Server VM (25.231-b11 mixed mode linux-amd64 compressed oops)
Heap:
 PSYoungGen      total 36864K, used 28012K [0x00000000d7100000, 0x00000000d9a00000, 0x0000000100000000)
  eden space 31744K, 72% used [0x00000000d7100000,0x00000000d875f200,0x00000000d9000000)
  from space 5120K, 99% used [0x00000000d9000000,0x00000000d94fc058,0x00000000d9500000)
  to   space 5120K, 0% used [0x00000000d9500000,0x00000000d9500000,0x00000000d9a00000)
 ParOldGen       total 37888K, used 6560K [0x0000000085200000, 0x0000000087700000, 0x00000000d7100000)
  object space 37888K, 17% used [0x0000000085200000,0x00000000858683f0,0x0000000087700000)
 Metaspace       used 27492K, capacity 27844K, committed 28288K, reserved 1075200K
  class space    used 3234K, capacity 3337K, committed 3456K, reserved 1048576K
GC Heap History (8 events):
Event: 4,160 GC heap before
{Heap before GC invocations=1 (full 0):
 PSYoungGen      total 36864K, used 31744K [0x00000000d7100000, 0x00000000d9a00000, 0x0000000100000000)
  eden space 31744K, 100% used [0x00000000d7100000,0x00000000d9000000,0x00000000d9000000)
  from space 5120K, 0% used [0x00000000d9500000,0x00000000d9500000,0x00000000d9a00000)
  to   space 5120K, 0% used [0x00000000d9000000,0x00000000d9000000,0x00000000d9500000)
 ParOldGen       total 84992K, used 0K [0x0000000085200000, 0x000000008a500000, 0x00000000d7100000)
  object space 84992K, 0% used [0x0000000085200000,0x0000000085200000,0x000000008a500000)
 Metaspace       used 18989K, capacity 19258K, committed 19456K, reserved 1067008K
  class space    used 2398K, capacity 2474K, committed 2560K, reserved 1048576K
Event: 4,172 GC heap after
Heap after GC invocations=1 (full 0):
 PSYoungGen      total 36864K, used 5100K [0x00000000d7100000, 0x00000000d9a00000, 0x0000000100000000)
  eden space 31744K, 0% used [0x00000000d7100000,0x00000000d7100000,0x00000000d9000000)
  from space 5120K, 99% used [0x00000000d9000000,0x00000000d94fb348,0x00000000d9500000)
  to   space 5120K, 0% used [0x00000000d9500000,0x00000000d9500000,0x00000000d9a00000)
 ParOldGen       total 84992K, used 518K [0x0000000085200000, 0x000000008a500000, 0x00000000d7100000)
  object space 84992K, 0% used [0x0000000085200000,0x0000000085281a00,0x000000008a500000)
 Metaspace       used 18989K, capacity 19258K, committed 19456K, reserved 1067008K
  class space    used 2398K, capacity 2474K, committed 2560K, reserved 1048576K
}
Event: 9,859 GC heap before
{Heap before GC invocations=2 (full 0):
 PSYoungGen      total 36864K, used 11296K [0x00000000d7100000, 0x00000000d9a00000, 0x0000000100000000)
  eden space 31744K, 19% used [0x00000000d7100000,0x00000000d770cce8,0x00000000d9000000)
  from space 5120K, 99% used [0x00000000d9000000,0x00000000d94fb348,0x00000000d9500000)
  to   space 5120K, 0% used [0x00000000d9500000,0x00000000d9500000,0x00000000d9a00000)
 ParOldGen       total 84992K, used 518K [0x0000000085200000, 0x000000008a500000, 0x00000000d7100000)
  object space 84992K, 0% used [0x0000000085200000,0x0000000085281a00,0x000000008a500000)
 Metaspace       used 20853K, capacity 21086K, committed 21296K, reserved 1069056K
  class space    used 2549K, capacity 2634K, committed 2688K, reserved 1048576K
Event: 9,869 GC heap after
Heap after GC invocations=2 (full 0):
 PSYoungGen      total 36864K, used 5088K [0x00000000d7100000, 0x00000000d9a00000, 0x0000000100000000)
  eden space 31744K, 0% used [0x00000000d7100000,0x00000000d7100000,0x00000000d9000000)
  from space 5120K, 99% used [0x00000000d9500000,0x00000000d99f8050,0x00000000d9a00000)
  to   space 5120K, 0% used [0x00000000d9000000,0x00000000d9000000,0x00000000d9500000)
 ParOldGen       total 84992K, used 865K [0x0000000085200000, 0x000000008a500000, 0x00000000d7100000)
  object space 84992K, 1% used [0x0000000085200000,0x00000000852d87b0,0x000000008a500000)
 Metaspace       used 20853K, capacity 21086K, committed 21296K, reserved 1069056K
  class space    used 2549K, capacity 2634K, committed 2688K, reserved 1048576K
}
Event: 9,869 GC heap before
{Heap before GC invocations=3 (full 1):
 PSYoungGen      total 36864K, used 5088K [0x00000000d7100000, 0x00000000d9a00000, 0x0000000100000000)
  eden space 31744K, 0% used [0x00000000d7100000,0x00000000d7100000,0x00000000d9000000)
  from space 5120K, 99% used [0x00000000d9500000,0x00000000d99f8050,0x00000000d9a00000)
  to   space 5120K, 0% used [0x00000000d9000000,0x00000000d9000000,0x00000000d9500000)
 ParOldGen       total 84992K, used 865K [0x0000000085200000, 0x000000008a500000, 0x00000000d7100000)
  object space 84992K, 1% used [0x0000000085200000,0x00000000852d87b0,0x000000008a500000)
 Metaspace       used 20853K, capacity 21086K, committed 21296K, reserved 1069056K
  class space    used 2549K, capacity 2634K, committed 2688K, reserved 1048576K
Event: 9,942 GC heap after
Heap after GC invocations=3 (full 1):
 PSYoungGen      total 36864K, used 0K [0x00000000d7100000, 0x00000000d9a00000, 0x0000000100000000)
  eden space 31744K, 0% used [0x00000000d7100000,0x00000000d7100000,0x00000000d9000000)
  from space 5120K, 0% used [0x00000000d9500000,0x00000000d9500000,0x00000000d9a00000)
  to   space 5120K, 0% used [0x00000000d9000000,0x00000000d9000000,0x00000000d9500000)
 ParOldGen       total 37888K, used 5432K [0x0000000085200000, 0x0000000087700000, 0x00000000d7100000)
  object space 37888K, 14% used [0x0000000085200000,0x000000008574e2e0,0x0000000087700000)
 Metaspace       used 20853K, capacity 21086K, committed 21296K, reserved 1069056K
  class space    used 2549K, capacity 2634K, committed 2688K, reserved 1048576K
}
Event: 25,673 GC heap before
{Heap before GC invocations=4 (full 1):
 PSYoungGen      total 36864K, used 31744K [0x00000000d7100000, 0x00000000d9a00000, 0x0000000100000000)
  eden space 31744K, 100% used [0x00000000d7100000,0x00000000d9000000,0x00000000d9000000)
  from space 5120K, 0% used [0x00000000d9500000,0x00000000d9500000,0x00000000d9a00000)
  to   space 5120K, 0% used [0x00000000d9000000,0x00000000d9000000,0x00000000d9500000)
 ParOldGen       total 37888K, used 5432K [0x0000000085200000, 0x0000000087700000, 0x00000000d7100000)
  object space 37888K, 14% used [0x0000000085200000,0x000000008574e2e0,0x0000000087700000)
 Metaspace       used 26862K, capacity 27224K, committed 27392K, reserved 1073152K
  class space    used 3193K, capacity 3303K, committed 3328K, reserved 1048576K
Event: 25,685 GC heap after
Heap after GC invocations=4 (full 1):
 PSYoungGen      total 36864K, used 5104K [0x00000000d7100000, 0x00000000d9a00000, 0x0000000100000000)
  eden space 31744K, 0% used [0x00000000d7100000,0x00000000d7100000,0x00000000d9000000)
  from space 5120K, 99% used [0x00000000d9000000,0x00000000d94fc058,0x00000000d9500000)
  to   space 5120K, 0% used [0x00000000d9500000,0x00000000d9500000,0x00000000d9a00000)
 ParOldGen       total 37888K, used 6560K [0x0000000085200000, 0x0000000087700000, 0x00000000d7100000)
  object space 37888K, 17% used [0x0000000085200000,0x00000000858683f0,0x0000000087700000)
 Metaspace       used 26862K, capacity 27224K, committed 27392K, reserved 1073152K
  class space    used 3193K, capacity 3303K, committed 3328K, reserved 1048576K
}

