# JRE version: Java(TM) SE Runtime Environment (8.0_231-b11) (build 1.8.0_231-b11)
# Java VM: Java HotSpot(TM) 64-Bit Server VM (25.231-b11 mixed mode linux-amd64 compressed oops)
Heap:
 PSYoungGen      total 36864K, used 14037K [0x00000000d7100000, 0x00000000d9a00000, 0x0000000100000000)
  eden space 31744K, 44% used [0x00000000d7100000,0x00000000d7eb5700,0x00000000d9000000)
  from space 5120K, 0% used [0x00000000d9500000,0x00000000d9500000,0x00000000d9a00000)
  to   space 5120K, 0% used [0x00000000d9000000,0x00000000d9000000,0x00000000d9500000)
 ParOldGen       total 58880K, used 5421K [0x0000000085200000, 0x0000000088b80000, 0x00000000d7100000)
  object space 58880K, 9% used [0x0000000085200000,0x000000008574b7f0,0x0000000088b80000)
 Metaspace       used 23774K, capacity 24076K, committed 24576K, reserved 1071104K
  class space    used 2879K, capacity 2967K, committed 3072K, reserved 1048576K
GC Heap History (6 events):
Event: 2,627 GC heap before
{Heap before GC invocations=1 (full 0):
 PSYoungGen      total 36864K, used 31744K [0x00000000d7100000, 0x00000000d9a00000, 0x0000000100000000)
  eden space 31744K, 100% used [0x00000000d7100000,0x00000000d9000000,0x00000000d9000000)
  from space 5120K, 0% used [0x00000000d9500000,0x00000000d9500000,0x00000000d9a00000)
  to   space 5120K, 0% used [0x00000000d9000000,0x00000000d9000000,0x00000000d9500000)
 ParOldGen       total 84992K, used 0K [0x0000000085200000, 0x000000008a500000, 0x00000000d7100000)
  object space 84992K, 0% used [0x0000000085200000,0x0000000085200000,0x000000008a500000)
 Metaspace       used 19289K, capacity 19554K, committed 19712K, reserved 1067008K
  class space    used 2434K, capacity 2506K, committed 2560K, reserved 1048576K
Event: 2,643 GC heap after
Heap after GC invocations=1 (full 0):
 PSYoungGen      total 36864K, used 5100K [0x00000000d7100000, 0x00000000d9a00000, 0x0000000100000000)
  eden space 31744K, 0% used [0x00000000d7100000,0x00000000d7100000,0x00000000d9000000)
  from space 5120K, 99% used [0x00000000d9000000,0x00000000d94fb348,0x00000000d9500000)
  to   space 5120K, 0% used [0x00000000d9500000,0x00000000d9500000,0x00000000d9a00000)
 ParOldGen       total 84992K, used 592K [0x0000000085200000, 0x000000008a500000, 0x00000000d7100000)
  object space 84992K, 0% used [0x0000000085200000,0x0000000085294250,0x000000008a500000)
 Metaspace       used 19289K, capacity 19554K, committed 19712K, reserved 1067008K
  class space    used 2434K, capacity 2506K, committed 2560K, reserved 1048576K
}
Event: 5,583 GC heap before
{Heap before GC invocations=2 (full 0):
 PSYoungGen      total 36864K, used 10904K [0x00000000d7100000, 0x00000000d9a00000, 0x0000000100000000)
  eden space 31744K, 18% used [0x00000000d7100000,0x00000000d76aafb8,0x00000000d9000000)
  from space 5120K, 99% used [0x00000000d9000000,0x00000000d94fb348,0x00000000d9500000)
  to   space 5120K, 0% used [0x00000000d9500000,0x00000000d9500000,0x00000000d9a00000)
 ParOldGen       total 84992K, used 592K [0x0000000085200000, 0x000000008a500000, 0x00000000d7100000)
  object space 84992K, 0% used [0x0000000085200000,0x0000000085294250,0x000000008a500000)
 Metaspace       used 20800K, capacity 21090K, committed 21296K, reserved 1069056K
  class space    used 2546K, capacity 2634K, committed 2688K, reserved 1048576K
Event: 5,593 GC heap after
Heap after GC invocations=2 (full 0):
 PSYoungGen      total 36864K, used 5088K [0x00000000d7100000, 0x00000000d9a00000, 0x0000000100000000)
  eden space 31744K, 0% used [0x00000000d7100000,0x00000000d7100000,0x00000000d9000000)
  from space 5120K, 99% used [0x00000000d9500000,0x00000000d99f8050,0x00000000d9a00000)
  to   space 5120K, 0% used [0x00000000d9000000,0x00000000d9000000,0x00000000d9500000)
 ParOldGen       total 84992K, used 912K [0x0000000085200000, 0x000000008a500000, 0x00000000d7100000)
  object space 84992K, 1% used [0x0000000085200000,0x00000000852e4158,0x000000008a500000)
 Metaspace       used 20800K, capacity 21090K, committed 21296K, reserved 1069056K
  class space    used 2546K, capacity 2634K, committed 2688K, reserved 1048576K
}
Event: 5,593 GC heap before
{Heap before GC invocations=3 (full 1):
 PSYoungGen      total 36864K, used 5088K [0x00000000d7100000, 0x00000000d9a00000, 0x0000000100000000)
  eden space 31744K, 0% used [0x00000000d7100000,0x00000000d7100000,0x00000000d9000000)
  from space 5120K, 99% used [0x00000000d9500000,0x00000000d99f8050,0x00000000d9a00000)
  to   space 5120K, 0% used [0x00000000d9000000,0x00000000d9000000,0x00000000d9500000)
 ParOldGen       total 84992K, used 912K [0x0000000085200000, 0x000000008a500000, 0x00000000d7100000)
  object space 84992K, 1% used [0x0000000085200000,0x00000000852e4158,0x000000008a500000)
 Metaspace       used 20800K, capacity 21090K, committed 21296K, reserved 1069056K
  class space    used 2546K, capacity 2634K, committed 2688K, reserved 1048576K
Event: 5,640 GC heap after
Heap after GC invocations=3 (full 1):
 PSYoungGen      total 36864K, used 0K [0x00000000d7100000, 0x00000000d9a00000, 0x0000000100000000)
  eden space 31744K, 0% used [0x00000000d7100000,0x00000000d7100000,0x00000000d9000000)
  from space 5120K, 0% used [0x00000000d9500000,0x00000000d9500000,0x00000000d9a00000)
  to   space 5120K, 0% used [0x00000000d9000000,0x00000000d9000000,0x00000000d9500000)
 ParOldGen       total 58880K, used 5421K [0x0000000085200000, 0x0000000088b80000, 0x00000000d7100000)
  object space 58880K, 9% used [0x0000000085200000,0x000000008574b7f0,0x0000000088b80000)
 Metaspace       used 20800K, capacity 21090K, committed 21296K, reserved 1069056K
  class space    used 2546K, capacity 2634K, committed 2688K, reserved 1048576K
}

