# JRE version: Java(TM) SE Runtime Environment (8.0_231-b11) (build 1.8.0_231-b11)
# Java VM: Java HotSpot(TM) 64-Bit Server VM (25.231-b11 mixed mode linux-amd64 compressed oops)
Heap:
 PSYoungGen      total 36864K, used 17013K [0x00000000d7100000, 0x00000000da400000, 0x0000000100000000)
  eden space 31744K, 37% used [0x00000000d7100000,0x00000000d7c9ea20,0x00000000d9000000)
  from space 5120K, 99% used [0x00000000d9000000,0x00000000d94fed88,0x00000000d9500000)
  to   space 5120K, 0% used [0x00000000d9f00000,0x00000000d9f00000,0x00000000da400000)
 ParOldGen       total 57344K, used 6371K [0x0000000085200000, 0x0000000088a00000, 0x00000000d7100000)
  object space 57344K, 11% used [0x0000000085200000,0x0000000085838e00,0x0000000088a00000)
 Metaspace       used 26977K, capacity 27342K, committed 27648K, reserved 1073152K
  class space    used 3205K, capacity 3302K, committed 3328K, reserved 1048576K
GC Heap History (8 events):
Event: 2,178 GC heap before
{Heap before GC invocations=1 (full 0):
 PSYoungGen      total 36864K, used 31744K [0x00000000d7100000, 0x00000000d9a00000, 0x0000000100000000)
  eden space 31744K, 100% used [0x00000000d7100000,0x00000000d9000000,0x00000000d9000000)
  from space 5120K, 0% used [0x00000000d9500000,0x00000000d9500000,0x00000000d9a00000)
  to   space 5120K, 0% used [0x00000000d9000000,0x00000000d9000000,0x00000000d9500000)
 ParOldGen       total 84992K, used 0K [0x0000000085200000, 0x000000008a500000, 0x00000000d7100000)
  object space 84992K, 0% used [0x0000000085200000,0x0000000085200000,0x000000008a500000)
 Metaspace       used 19311K, capacity 19550K, committed 19712K, reserved 1067008K
  class space    used 2436K, capacity 2506K, committed 2560K, reserved 1048576K
Event: 2,193 GC heap after
Heap after GC invocations=1 (full 0):
 PSYoungGen      total 36864K, used 5100K [0x00000000d7100000, 0x00000000d9a00000, 0x0000000100000000)
  eden space 31744K, 0% used [0x00000000d7100000,0x00000000d7100000,0x00000000d9000000)
  from space 5120K, 99% used [0x00000000d9000000,0x00000000d94fb348,0x00000000d9500000)
  to   space 5120K, 0% used [0x00000000d9500000,0x00000000d9500000,0x00000000d9a00000)
 ParOldGen       total 84992K, used 588K [0x0000000085200000, 0x000000008a500000, 0x00000000d7100000)
  object space 84992K, 0% used [0x0000000085200000,0x0000000085293208,0x000000008a500000)
 Metaspace       used 19311K, capacity 19550K, committed 19712K, reserved 1067008K
  class space    used 2436K, capacity 2506K, committed 2560K, reserved 1048576K
}
Event: 5,177 GC heap before
{Heap before GC invocations=2 (full 0):
 PSYoungGen      total 36864K, used 11369K [0x00000000d7100000, 0x00000000d9a00000, 0x0000000100000000)
  eden space 31744K, 19% used [0x00000000d7100000,0x00000000d771f278,0x00000000d9000000)
  from space 5120K, 99% used [0x00000000d9000000,0x00000000d94fb348,0x00000000d9500000)
  to   space 5120K, 0% used [0x00000000d9500000,0x00000000d9500000,0x00000000d9a00000)
 ParOldGen       total 84992K, used 588K [0x0000000085200000, 0x000000008a500000, 0x00000000d7100000)
  object space 84992K, 0% used [0x0000000085200000,0x0000000085293208,0x000000008a500000)
 Metaspace       used 20824K, capacity 21086K, committed 21296K, reserved 1069056K
  class space    used 2549K, capacity 2634K, committed 2688K, reserved 1048576K
Event: 5,192 GC heap after
Heap after GC invocations=2 (full 0):
 PSYoungGen      total 36864K, used 5088K [0x00000000d7100000, 0x00000000d9a00000, 0x0000000100000000)
  eden space 31744K, 0% used [0x00000000d7100000,0x00000000d7100000,0x00000000d9000000)
  from space 5120K, 99% used [0x00000000d9500000,0x00000000d99f8030,0x00000000d9a00000)
  to   space 5120K, 0% used [0x00000000d9000000,0x00000000d9000000,0x00000000d9500000)
 ParOldGen       total 84992K, used 939K [0x0000000085200000, 0x000000008a500000, 0x00000000d7100000)
  object space 84992K, 1% used [0x0000000085200000,0x00000000852ead40,0x000000008a500000)
 Metaspace       used 20824K, capacity 21086K, committed 21296K, reserved 1069056K
  class space    used 2549K, capacity 2634K, committed 2688K, reserved 1048576K
}
Event: 5,192 GC heap before
{Heap before GC invocations=3 (full 1):
 PSYoungGen      total 36864K, used 5088K [0x00000000d7100000, 0x00000000d9a00000, 0x0000000100000000)
  eden space 31744K, 0% used [0x00000000d7100000,0x00000000d7100000,0x00000000d9000000)
  from space 5120K, 99% used [0x00000000d9500000,0x00000000d99f8030,0x00000000d9a00000)
  to   space 5120K, 0% used [0x00000000d9000000,0x00000000d9000000,0x00000000d9500000)
 ParOldGen       total 84992K, used 939K [0x0000000085200000, 0x000000008a500000, 0x00000000d7100000)
  object space 84992K, 1% used [0x0000000085200000,0x00000000852ead40,0x000000008a500000)
 Metaspace       used 20824K, capacity 21086K, committed 21296K, reserved 1069056K
  class space    used 2549K, capacity 2634K, committed 2688K, reserved 1048576K
Event: 5,237 GC heap after
Heap after GC invocations=3 (full 1):
 PSYoungGen      total 36864K, used 0K [0x00000000d7100000, 0x00000000d9a00000, 0x0000000100000000)
  eden space 31744K, 0% used [0x00000000d7100000,0x00000000d7100000,0x00000000d9000000)
  from space 5120K, 0% used [0x00000000d9500000,0x00000000d9500000,0x00000000d9a00000)
  to   space 5120K, 0% used [0x00000000d9000000,0x00000000d9000000,0x00000000d9500000)
 ParOldGen       total 57344K, used 5424K [0x0000000085200000, 0x0000000088a00000, 0x00000000d7100000)
  object space 57344K, 9% used [0x0000000085200000,0x000000008574c3b0,0x0000000088a00000)
 Metaspace       used 20824K, capacity 21086K, committed 21296K, reserved 1069056K
  class space    used 2549K, capacity 2634K, committed 2688K, reserved 1048576K
}
Event: 20,760 GC heap before
{Heap before GC invocations=4 (full 1):
 PSYoungGen      total 36864K, used 31744K [0x00000000d7100000, 0x00000000d9a00000, 0x0000000100000000)
  eden space 31744K, 100% used [0x00000000d7100000,0x00000000d9000000,0x00000000d9000000)
  from space 5120K, 0% used [0x00000000d9500000,0x00000000d9500000,0x00000000d9a00000)
  to   space 5120K, 0% used [0x00000000d9000000,0x00000000d9000000,0x00000000d9500000)
 ParOldGen       total 57344K, used 5424K [0x0000000085200000, 0x0000000088a00000, 0x00000000d7100000)
  object space 57344K, 9% used [0x0000000085200000,0x000000008574c3b0,0x0000000088a00000)
 Metaspace       used 26715K, capacity 27086K, committed 27392K, reserved 1073152K
  class space    used 3190K, capacity 3302K, committed 3328K, reserved 1048576K
Event: 20,768 GC heap after
Heap after GC invocations=4 (full 1):
 PSYoungGen      total 36864K, used 5115K [0x00000000d7100000, 0x00000000da400000, 0x0000000100000000)
  eden space 31744K, 0% used [0x00000000d7100000,0x00000000d7100000,0x00000000d9000000)
  from space 5120K, 99% used [0x00000000d9000000,0x00000000d94fed88,0x00000000d9500000)
  to   space 5120K, 0% used [0x00000000d9f00000,0x00000000d9f00000,0x00000000da400000)
 ParOldGen       total 57344K, used 6371K [0x0000000085200000, 0x0000000088a00000, 0x00000000d7100000)
  object space 57344K, 11% used [0x0000000085200000,0x0000000085838e00,0x0000000088a00000)
 Metaspace       used 26715K, capacity 27086K, committed 27392K, reserved 1073152K
  class space    used 3190K, capacity 3302K, committed 3328K, reserved 1048576K
}

