# JRE version: Java(TM) SE Runtime Environment (8.0_231-b11) (build 1.8.0_231-b11)
# Java VM: Java HotSpot(TM) 64-Bit Server VM (25.231-b11 mixed mode linux-amd64 compressed oops)
Heap:
 PSYoungGen      total 36864K, used 8874K [0x00000000d7100000, 0x00000000d9a00000, 0x0000000100000000)
  eden space 31744K, 11% used [0x00000000d7100000,0x00000000d74af710,0x00000000d9000000)
  from space 5120K, 99% used [0x00000000d9000000,0x00000000d94fb290,0x00000000d9500000)
  to   space 5120K, 0% used [0x00000000d9500000,0x00000000d9500000,0x00000000d9a00000)
 ParOldGen       total 37888K, used 6314K [0x0000000085200000, 0x0000000087700000, 0x00000000d7100000)
  object space 37888K, 16% used [0x0000000085200000,0x000000008582aac8,0x0000000087700000)
 Metaspace       used 26849K, capacity 27150K, committed 27392K, reserved 1073152K
  class space    used 3205K, capacity 3302K, committed 3328K, reserved 1048576K
GC Heap History (8 events):
Event: 2,098 GC heap before
{Heap before GC invocations=1 (full 0):
 PSYoungGen      total 36864K, used 31744K [0x00000000d7100000, 0x00000000d9a00000, 0x0000000100000000)
  eden space 31744K, 100% used [0x00000000d7100000,0x00000000d9000000,0x00000000d9000000)
  from space 5120K, 0% used [0x00000000d9500000,0x00000000d9500000,0x00000000d9a00000)
  to   space 5120K, 0% used [0x00000000d9000000,0x00000000d9000000,0x00000000d9500000)
 ParOldGen       total 84992K, used 0K [0x0000000085200000, 0x000000008a500000, 0x00000000d7100000)
  object space 84992K, 0% used [0x0000000085200000,0x0000000085200000,0x000000008a500000)
 Metaspace       used 19247K, capacity 19554K, committed 19712K, reserved 1067008K
  class space    used 2429K, capacity 2506K, committed 2560K, reserved 1048576K
Event: 2,109 GC heap after
Heap after GC invocations=1 (full 0):
 PSYoungGen      total 36864K, used 5100K [0x00000000d7100000, 0x00000000d9a00000, 0x0000000100000000)
  eden space 31744K, 0% used [0x00000000d7100000,0x00000000d7100000,0x00000000d9000000)
  from space 5120K, 99% used [0x00000000d9000000,0x00000000d94fb348,0x00000000d9500000)
  to   space 5120K, 0% used [0x00000000d9500000,0x00000000d9500000,0x00000000d9a00000)
 ParOldGen       total 84992K, used 562K [0x0000000085200000, 0x000000008a500000, 0x00000000d7100000)
  object space 84992K, 0% used [0x0000000085200000,0x000000008528cae8,0x000000008a500000)
 Metaspace       used 19247K, capacity 19554K, committed 19712K, reserved 1067008K
  class space    used 2429K, capacity 2506K, committed 2560K, reserved 1048576K
}
Event: 7,842 GC heap before
{Heap before GC invocations=2 (full 0):
 PSYoungGen      total 36864K, used 11839K [0x00000000d7100000, 0x00000000d9a00000, 0x0000000100000000)
  eden space 31744K, 21% used [0x00000000d7100000,0x00000000d7794bb0,0x00000000d9000000)
  from space 5120K, 99% used [0x00000000d9000000,0x00000000d94fb348,0x00000000d9500000)
  to   space 5120K, 0% used [0x00000000d9500000,0x00000000d9500000,0x00000000d9a00000)
 ParOldGen       total 84992K, used 562K [0x0000000085200000, 0x000000008a500000, 0x00000000d7100000)
  object space 84992K, 0% used [0x0000000085200000,0x000000008528cae8,0x000000008a500000)
 Metaspace       used 20821K, capacity 21090K, committed 21296K, reserved 1069056K
  class space    used 2544K, capacity 2634K, committed 2688K, reserved 1048576K
Event: 7,852 GC heap after
Heap after GC invocations=2 (full 0):
 PSYoungGen      total 36864K, used 5088K [0x00000000d7100000, 0x00000000d9a00000, 0x0000000100000000)
  eden space 31744K, 0% used [0x00000000d7100000,0x00000000d7100000,0x00000000d9000000)
  from space 5120K, 99% used [0x00000000d9500000,0x00000000d99f8050,0x00000000d9a00000)
  to   space 5120K, 0% used [0x00000000d9000000,0x00000000d9000000,0x00000000d9500000)
 ParOldGen       total 84992K, used 956K [0x0000000085200000, 0x000000008a500000, 0x00000000d7100000)
  object space 84992K, 1% used [0x0000000085200000,0x00000000852ef0c8,0x000000008a500000)
 Metaspace       used 20821K, capacity 21090K, committed 21296K, reserved 1069056K
  class space    used 2544K, capacity 2634K, committed 2688K, reserved 1048576K
}
Event: 7,852 GC heap before
{Heap before GC invocations=3 (full 1):
 PSYoungGen      total 36864K, used 5088K [0x00000000d7100000, 0x00000000d9a00000, 0x0000000100000000)
  eden space 31744K, 0% used [0x00000000d7100000,0x00000000d7100000,0x00000000d9000000)
  from space 5120K, 99% used [0x00000000d9500000,0x00000000d99f8050,0x00000000d9a00000)
  to   space 5120K, 0% used [0x00000000d9000000,0x00000000d9000000,0x00000000d9500000)
 ParOldGen       total 84992K, used 956K [0x0000000085200000, 0x000000008a500000, 0x00000000d7100000)
  object space 84992K, 1% used [0x0000000085200000,0x00000000852ef0c8,0x000000008a500000)
 Metaspace       used 20821K, capacity 21090K, committed 21296K, reserved 1069056K
  class space    used 2544K, capacity 2634K, committed 2688K, reserved 1048576K
Event: 7,896 GC heap after
Heap after GC invocations=3 (full 1):
 PSYoungGen      total 36864K, used 0K [0x00000000d7100000, 0x00000000d9a00000, 0x0000000100000000)
  eden space 31744K, 0% used [0x00000000d7100000,0x00000000d7100000,0x00000000d9000000)
  from space 5120K, 0% used [0x00000000d9500000,0x00000000d9500000,0x00000000d9a00000)
  to   space 5120K, 0% used [0x00000000d9000000,0x00000000d9000000,0x00000000d9500000)
 ParOldGen       total 37888K, used 5499K [0x0000000085200000, 0x0000000087700000, 0x00000000d7100000)
  object space 37888K, 14% used [0x0000000085200000,0x000000008575ee10,0x0000000087700000)
 Metaspace       used 20821K, capacity 21090K, committed 21296K, reserved 1069056K
  class space    used 2544K, capacity 2634K, committed 2688K, reserved 1048576K
}
Event: 47,270 GC heap before
{Heap before GC invocations=4 (full 1):
 PSYoungGen      total 36864K, used 31744K [0x00000000d7100000, 0x00000000d9a00000, 0x0000000100000000)
  eden space 31744K, 100% used [0x00000000d7100000,0x00000000d9000000,0x00000000d9000000)
  from space 5120K, 0% used [0x00000000d9500000,0x00000000d9500000,0x00000000d9a00000)
  to   space 5120K, 0% used [0x00000000d9000000,0x00000000d9000000,0x00000000d9500000)
 ParOldGen       total 37888K, used 5499K [0x0000000085200000, 0x0000000087700000, 0x00000000d7100000)
  object space 37888K, 14% used [0x0000000085200000,0x000000008575ee10,0x0000000087700000)
 Metaspace       used 26676K, capacity 27022K, committed 27392K, reserved 1073152K
  class space    used 3182K, capacity 3302K, committed 3328K, reserved 1048576K
Event: 47,279 GC heap after
Heap after GC invocations=4 (full 1):
 PSYoungGen      total 36864K, used 5100K [0x00000000d7100000, 0x00000000d9a00000, 0x0000000100000000)
  eden space 31744K, 0% used [0x00000000d7100000,0x00000000d7100000,0x00000000d9000000)
  from space 5120K, 99% used [0x00000000d9000000,0x00000000d94fb290,0x00000000d9500000)
  to   space 5120K, 0% used [0x00000000d9500000,0x00000000d9500000,0x00000000d9a00000)
 ParOldGen       total 37888K, used 6314K [0x0000000085200000, 0x0000000087700000, 0x00000000d7100000)
  object space 37888K, 16% used [0x0000000085200000,0x000000008582aac8,0x0000000087700000)
 Metaspace       used 26676K, capacity 27022K, committed 27392K, reserved 1073152K
  class space    used 3182K, capacity 3302K, committed 3328K, reserved 1048576K
}

